<?xml version="1.0" encoding="UTF-8"?>
<testng-results ignored="0" total="1" passed="1" failed="0" skipped="0">
  <reporter-output>
  </reporter-output>
  <suite started-at="2023-05-07T19:24:58 IST" name="Default suite" finished-at="2023-05-07T19:25:14 IST" duration-ms="15771">
    <groups>
    </groups>
    <test started-at="2023-05-07T19:24:58 IST" name="Default test" finished-at="2023-05-07T19:25:14 IST" duration-ms="15771">
      <class name="com.full.crud.POSTRequestTests">
        <test-method is-config="true" signature="setUpBeforeMethod()[pri:0, instance:com.full.crud.POSTRequestTests@571c5681]" started-at="2023-05-07T19:24:58 IST" name="setUpBeforeMethod" finished-at="2023-05-07T19:25:00 IST" duration-ms="2288" status="PASS">
          <reporter-output>
          </reporter-output>
        </test-method> <!-- setUpBeforeMethod -->
        <test-method signature="test_postCreateBooking()[pri:0, instance:com.full.crud.POSTRequestTests@571c5681]" started-at="2023-05-07T19:25:01 IST" name="test_postCreateBooking" finished-at="2023-05-07T19:25:14 IST" duration-ms="12903" status="PASS">
          <reporter-output>
          </reporter-output>
        </test-method> <!-- test_postCreateBooking -->
      </class> <!-- com.full.crud.POSTRequestTests -->
    </test> <!-- Default test -->
  </suite> <!-- Default suite -->
</testng-results>
